[0.014s] Invoking command in '/home/sid/guard_ws/build/turtlebot3_multi_robot': CMAKE_PREFIX_PATH=${CMAKE_PREFIX_PATH}:/opt/ros/humble /usr/bin/cmake /home/sid/guard_ws/src/turtlebot3_multi_robot -DCMAKE_INSTALL_PREFIX=/home/sid/guard_ws/install/turtlebot3_multi_robot
[0.035s] -- Found ament_cmake: 1.3.9 (/opt/ros/humble/share/ament_cmake/cmake)
[0.210s] -- Override CMake install command with custom implementation using symlinks instead of copying resources
[0.221s] -- Found rclcpp: 16.0.9 (/opt/ros/humble/share/rclcpp/cmake)
[0.266s] -- Found rosidl_generator_c: 3.1.5 (/opt/ros/humble/share/rosidl_generator_c/cmake)
[0.270s] -- Found rosidl_adapter: 3.1.5 (/opt/ros/humble/share/rosidl_adapter/cmake)
[0.278s] -- Found rosidl_generator_cpp: 3.1.5 (/opt/ros/humble/share/rosidl_generator_cpp/cmake)
[0.297s] -- Using all available rosidl_typesupport_c: rosidl_typesupport_fastrtps_c;rosidl_typesupport_introspection_c
[0.325s] -- Using all available rosidl_typesupport_cpp: rosidl_typesupport_fastrtps_cpp;rosidl_typesupport_introspection_cpp
[0.419s] -- Found rmw_implementation_cmake: 6.1.2 (/opt/ros/humble/share/rmw_implementation_cmake/cmake)
[0.421s] -- Found rmw_cyclonedds_cpp: 1.3.4 (/opt/ros/humble/share/rmw_cyclonedds_cpp/cmake)
[0.469s] -- Using RMW implementation 'rmw_cyclonedds_cpp' as default
[0.719s] -- Found rclpy: 3.3.13 (/opt/ros/humble/share/rclpy/cmake)
[0.719s] -- Found geometry_msgs: 4.2.4 (/opt/ros/humble/share/geometry_msgs/cmake)
[0.791s] -- Found nav2_msgs: 1.1.15 (/opt/ros/humble/share/nav2_msgs/cmake)
[1.415s] -- Configuring done
[1.422s] -- Generating done
[1.425s] -- Build files have been written to: /home/sid/guard_ws/build/turtlebot3_multi_robot
[1.436s] Invoked command in '/home/sid/guard_ws/build/turtlebot3_multi_robot' returned '0': CMAKE_PREFIX_PATH=${CMAKE_PREFIX_PATH}:/opt/ros/humble /usr/bin/cmake /home/sid/guard_ws/src/turtlebot3_multi_robot -DCMAKE_INSTALL_PREFIX=/home/sid/guard_ws/install/turtlebot3_multi_robot
[1.438s] Invoking command in '/home/sid/guard_ws/build/turtlebot3_multi_robot': CMAKE_PREFIX_PATH=${CMAKE_PREFIX_PATH}:/opt/ros/humble /usr/bin/cmake --build /home/sid/guard_ws/build/turtlebot3_multi_robot -- -j8 -l8
[1.492s] Invoked command in '/home/sid/guard_ws/build/turtlebot3_multi_robot' returned '0': CMAKE_PREFIX_PATH=${CMAKE_PREFIX_PATH}:/opt/ros/humble /usr/bin/cmake --build /home/sid/guard_ws/build/turtlebot3_multi_robot -- -j8 -l8
[1.542s] Invoking command in '/home/sid/guard_ws/build/turtlebot3_multi_robot': CMAKE_PREFIX_PATH=${CMAKE_PREFIX_PATH}:/opt/ros/humble /usr/bin/cmake --install /home/sid/guard_ws/build/turtlebot3_multi_robot
[1.552s] -- Install configuration: ""
[1.553s] -- Execute custom install script
[1.554s] -- Up-to-date symlink: /home/sid/guard_ws/install/turtlebot3_multi_robot/share/turtlebot3_multi_robot//launch/gazebo_multi_nav2_world.launch.py
[1.554s] -- Up-to-date symlink: /home/sid/guard_ws/install/turtlebot3_multi_robot/share/turtlebot3_multi_robot//launch/gazebo_multi_world.launch.py
[1.554s] -- Up-to-date symlink: /home/sid/guard_ws/install/turtlebot3_multi_robot/share/turtlebot3_multi_robot//launch/nav2_bringup/bringup_launch.py
[1.555s] -- Up-to-date symlink: /home/sid/guard_ws/install/turtlebot3_multi_robot/share/turtlebot3_multi_robot//launch/nav2_bringup/localization_launch.py
[1.555s] -- Up-to-date symlink: /home/sid/guard_ws/install/turtlebot3_multi_robot/share/turtlebot3_multi_robot//launch/nav2_bringup/navigation_launch.py
[1.555s] -- Up-to-date symlink: /home/sid/guard_ws/install/turtlebot3_multi_robot/share/turtlebot3_multi_robot//launch/nav2_bringup/rviz_launch.py
[1.555s] -- Up-to-date symlink: /home/sid/guard_ws/install/turtlebot3_multi_robot/share/turtlebot3_multi_robot//launch/nav2_bringup/slam_launch.py
[1.556s] -- Up-to-date symlink: /home/sid/guard_ws/install/turtlebot3_multi_robot/share/turtlebot3_multi_robot//models/marker/model.sdf
[1.556s] -- Up-to-date symlink: /home/sid/guard_ws/install/turtlebot3_multi_robot/share/turtlebot3_multi_robot//models/turtlebot3_burger/meshes/burger_base.dae
[1.556s] -- Up-to-date symlink: /home/sid/guard_ws/install/turtlebot3_multi_robot/share/turtlebot3_multi_robot//models/turtlebot3_burger/meshes/lds.dae
[1.556s] -- Up-to-date symlink: /home/sid/guard_ws/install/turtlebot3_multi_robot/share/turtlebot3_multi_robot//models/turtlebot3_burger/meshes/tire.dae
[1.556s] -- Up-to-date symlink: /home/sid/guard_ws/install/turtlebot3_multi_robot/share/turtlebot3_multi_robot//models/turtlebot3_burger/model-1_4.sdf
[1.557s] -- Up-to-date symlink: /home/sid/guard_ws/install/turtlebot3_multi_robot/share/turtlebot3_multi_robot//models/turtlebot3_burger/model.config
[1.557s] -- Up-to-date symlink: /home/sid/guard_ws/install/turtlebot3_multi_robot/share/turtlebot3_multi_robot//models/turtlebot3_burger/model.sdf
[1.557s] -- Up-to-date symlink: /home/sid/guard_ws/install/turtlebot3_multi_robot/share/turtlebot3_multi_robot//models/turtlebot3_waffle/meshes/lds.dae
[1.557s] -- Up-to-date symlink: /home/sid/guard_ws/install/turtlebot3_multi_robot/share/turtlebot3_multi_robot//models/turtlebot3_waffle/meshes/r200.dae
[1.558s] -- Up-to-date symlink: /home/sid/guard_ws/install/turtlebot3_multi_robot/share/turtlebot3_multi_robot//models/turtlebot3_waffle/meshes/tire.dae
[1.558s] -- Up-to-date symlink: /home/sid/guard_ws/install/turtlebot3_multi_robot/share/turtlebot3_multi_robot//models/turtlebot3_waffle/meshes/waffle_base.dae
[1.558s] -- Up-to-date symlink: /home/sid/guard_ws/install/turtlebot3_multi_robot/share/turtlebot3_multi_robot//models/turtlebot3_waffle/model-1_4.sdf
[1.558s] -- Up-to-date symlink: /home/sid/guard_ws/install/turtlebot3_multi_robot/share/turtlebot3_multi_robot//models/turtlebot3_waffle/model.config
[1.558s] -- Up-to-date symlink: /home/sid/guard_ws/install/turtlebot3_multi_robot/share/turtlebot3_multi_robot//models/turtlebot3_waffle/model.sdf
[1.558s] -- Up-to-date symlink: /home/sid/guard_ws/install/turtlebot3_multi_robot/share/turtlebot3_multi_robot//models/turtlebot3_waffle/model_nocamera.sdf
[1.559s] -- Up-to-date symlink: /home/sid/guard_ws/install/turtlebot3_multi_robot/share/turtlebot3_multi_robot//rviz/multi_nav2_default_view.rviz
[1.559s] -- Up-to-date symlink: /home/sid/guard_ws/install/turtlebot3_multi_robot/share/turtlebot3_multi_robot//rviz/nav2_default_view.rviz
[1.559s] -- Up-to-date symlink: /home/sid/guard_ws/install/turtlebot3_multi_robot/share/turtlebot3_multi_robot//urdf/common_properties.urdf
[1.560s] -- Up-to-date symlink: /home/sid/guard_ws/install/turtlebot3_multi_robot/share/turtlebot3_multi_robot//urdf/turtlebot3_burger.urdf
[1.560s] -- Up-to-date symlink: /home/sid/guard_ws/install/turtlebot3_multi_robot/share/turtlebot3_multi_robot//urdf/turtlebot3_waffle.urdf
[1.560s] -- Up-to-date symlink: /home/sid/guard_ws/install/turtlebot3_multi_robot/share/turtlebot3_multi_robot//urdf/turtlebot3_waffle23.urdf
[1.560s] -- Up-to-date symlink: /home/sid/guard_ws/install/turtlebot3_multi_robot/share/turtlebot3_multi_robot//worlds/ev_9.world
[1.561s] -- Up-to-date symlink: /home/sid/guard_ws/install/turtlebot3_multi_robot/share/turtlebot3_multi_robot//worlds/multi_empty_world.world
[1.561s] -- Up-to-date symlink: /home/sid/guard_ws/install/turtlebot3_multi_robot/share/turtlebot3_multi_robot//worlds/multi_robot_world.world
[1.561s] -- Up-to-date symlink: /home/sid/guard_ws/install/turtlebot3_multi_robot/share/turtlebot3_multi_robot//params/nav2_params.yaml
[1.562s] -- Up-to-date symlink: /home/sid/guard_ws/install/turtlebot3_multi_robot/share/turtlebot3_multi_robot//scripts/goal_listener_and_sender.py
[1.562s] -- Up-to-date symlink: /home/sid/guard_ws/install/turtlebot3_multi_robot/share/turtlebot3_multi_robot//scripts/monitor_position.py
[1.563s] -- Up-to-date symlink: /home/sid/guard_ws/install/turtlebot3_multi_robot/share/turtlebot3_multi_robot/config/blank_map.pgm
[1.563s] -- Up-to-date symlink: /home/sid/guard_ws/install/turtlebot3_multi_robot/share/turtlebot3_multi_robot/config/blank_map.yaml
[1.563s] -- Up-to-date symlink: /home/sid/guard_ws/install/turtlebot3_multi_robot/share/turtlebot3_multi_robot/config/map.pgm
[1.563s] -- Up-to-date symlink: /home/sid/guard_ws/install/turtlebot3_multi_robot/share/turtlebot3_multi_robot/config/map.yaml
[1.564s] -- Up-to-date symlink: /home/sid/guard_ws/install/turtlebot3_multi_robot/share/turtlebot3_multi_robot/config/my_map.pgm
[1.564s] -- Up-to-date symlink: /home/sid/guard_ws/install/turtlebot3_multi_robot/share/turtlebot3_multi_robot/config/my_map.yaml
[1.564s] -- Up-to-date symlink: /home/sid/guard_ws/install/turtlebot3_multi_robot/share/turtlebot3_multi_robot/config/my_world_map.pgm
[1.564s] -- Up-to-date symlink: /home/sid/guard_ws/install/turtlebot3_multi_robot/share/turtlebot3_multi_robot/config/my_world_map.yaml
[1.565s] -- Up-to-date symlink: /home/sid/guard_ws/install/turtlebot3_multi_robot/lib/turtlebot3_multi_robot/goal_listener_and_sender.py
[1.565s] -- Up-to-date symlink: /home/sid/guard_ws/install/turtlebot3_multi_robot/lib/turtlebot3_multi_robot/monitor_position.py
[1.565s] -- Up-to-date symlink: /home/sid/guard_ws/install/turtlebot3_multi_robot/share/turtlebot3_multi_robot/environment/multi_robot.dsv
[1.565s] -- Up-to-date symlink: /home/sid/guard_ws/install/turtlebot3_multi_robot/share/ament_index/resource_index/package_run_dependencies/turtlebot3_multi_robot
[1.566s] -- Up-to-date symlink: /home/sid/guard_ws/install/turtlebot3_multi_robot/share/ament_index/resource_index/parent_prefix_path/turtlebot3_multi_robot
[1.566s] -- Up-to-date symlink: /home/sid/guard_ws/install/turtlebot3_multi_robot/share/turtlebot3_multi_robot/environment/ament_prefix_path.sh
[1.567s] -- Up-to-date symlink: /home/sid/guard_ws/install/turtlebot3_multi_robot/share/turtlebot3_multi_robot/environment/ament_prefix_path.dsv
[1.567s] -- Up-to-date symlink: /home/sid/guard_ws/install/turtlebot3_multi_robot/share/turtlebot3_multi_robot/environment/path.sh
[1.567s] -- Up-to-date symlink: /home/sid/guard_ws/install/turtlebot3_multi_robot/share/turtlebot3_multi_robot/environment/path.dsv
[1.567s] -- Up-to-date symlink: /home/sid/guard_ws/install/turtlebot3_multi_robot/share/turtlebot3_multi_robot/local_setup.bash
[1.568s] -- Up-to-date symlink: /home/sid/guard_ws/install/turtlebot3_multi_robot/share/turtlebot3_multi_robot/local_setup.sh
[1.568s] -- Up-to-date symlink: /home/sid/guard_ws/install/turtlebot3_multi_robot/share/turtlebot3_multi_robot/local_setup.zsh
[1.568s] -- Up-to-date symlink: /home/sid/guard_ws/install/turtlebot3_multi_robot/share/turtlebot3_multi_robot/local_setup.dsv
[1.569s] -- Symlinking: /home/sid/guard_ws/install/turtlebot3_multi_robot/share/turtlebot3_multi_robot/package.dsv
[1.581s] -- Up-to-date symlink: /home/sid/guard_ws/install/turtlebot3_multi_robot/share/ament_index/resource_index/packages/turtlebot3_multi_robot
[1.581s] -- Up-to-date symlink: /home/sid/guard_ws/install/turtlebot3_multi_robot/share/turtlebot3_multi_robot/cmake/turtlebot3_multi_robotConfig.cmake
[1.581s] -- Up-to-date symlink: /home/sid/guard_ws/install/turtlebot3_multi_robot/share/turtlebot3_multi_robot/cmake/turtlebot3_multi_robotConfig-version.cmake
[1.582s] -- Up-to-date symlink: /home/sid/guard_ws/install/turtlebot3_multi_robot/share/turtlebot3_multi_robot/package.xml
[1.584s] Invoked command in '/home/sid/guard_ws/build/turtlebot3_multi_robot' returned '0': CMAKE_PREFIX_PATH=${CMAKE_PREFIX_PATH}:/opt/ros/humble /usr/bin/cmake --install /home/sid/guard_ws/build/turtlebot3_multi_robot
