[0.012s] Invoking command in '/home/sid/guard_ws/build/turtlebot3_multi_robot': CMAKE_PREFIX_PATH=${CMAKE_PREFIX_PATH}:/opt/ros/humble /usr/bin/cmake /home/sid/guard_ws/src/turtlebot3_multi_robot -DAMENT_CMAKE_SYMLINK_INSTALL=1 -DCMAKE_INSTALL_PREFIX=/home/sid/guard_ws/install/turtlebot3_multi_robot
[0.024s] -- Found ament_cmake: 1.3.9 (/opt/ros/humble/share/ament_cmake/cmake)
[0.132s] -- Override CMake install command with custom implementation using symlinks instead of copying resources
[0.139s] -- Found rclcpp: 16.0.9 (/opt/ros/humble/share/rclcpp/cmake)
[0.171s] -- Found rosidl_generator_c: 3.1.5 (/opt/ros/humble/share/rosidl_generator_c/cmake)
[0.173s] -- Found rosidl_adapter: 3.1.5 (/opt/ros/humble/share/rosidl_adapter/cmake)
[0.181s] -- Found rosidl_generator_cpp: 3.1.5 (/opt/ros/humble/share/rosidl_generator_cpp/cmake)
[0.192s] -- Using all available rosidl_typesupport_c: rosidl_typesupport_fastrtps_c;rosidl_typesupport_introspection_c
[0.208s] -- Using all available rosidl_typesupport_cpp: rosidl_typesupport_fastrtps_cpp;rosidl_typesupport_introspection_cpp
[0.266s] -- Found rmw_implementation_cmake: 6.1.2 (/opt/ros/humble/share/rmw_implementation_cmake/cmake)
[0.268s] -- Found rmw_cyclonedds_cpp: 1.3.4 (/opt/ros/humble/share/rmw_cyclonedds_cpp/cmake)
[0.297s] -- Using RMW implementation 'rmw_cyclonedds_cpp' as default
[0.470s] -- Found rclpy: 3.3.13 (/opt/ros/humble/share/rclpy/cmake)
[0.470s] -- Found geometry_msgs: 4.2.4 (/opt/ros/humble/share/geometry_msgs/cmake)
[0.514s] -- Found nav2_msgs: 1.1.15 (/opt/ros/humble/share/nav2_msgs/cmake)
[0.902s] -- Configuring done
[0.906s] -- Generating done
[0.908s] -- Build files have been written to: /home/sid/guard_ws/build/turtlebot3_multi_robot
[0.914s] Invoked command in '/home/sid/guard_ws/build/turtlebot3_multi_robot' returned '0': CMAKE_PREFIX_PATH=${CMAKE_PREFIX_PATH}:/opt/ros/humble /usr/bin/cmake /home/sid/guard_ws/src/turtlebot3_multi_robot -DAMENT_CMAKE_SYMLINK_INSTALL=1 -DCMAKE_INSTALL_PREFIX=/home/sid/guard_ws/install/turtlebot3_multi_robot
[0.916s] Invoking command in '/home/sid/guard_ws/build/turtlebot3_multi_robot': CMAKE_PREFIX_PATH=${CMAKE_PREFIX_PATH}:/opt/ros/humble /usr/bin/cmake --build /home/sid/guard_ws/build/turtlebot3_multi_robot -- -j8 -l8
[0.956s] Invoked command in '/home/sid/guard_ws/build/turtlebot3_multi_robot' returned '0': CMAKE_PREFIX_PATH=${CMAKE_PREFIX_PATH}:/opt/ros/humble /usr/bin/cmake --build /home/sid/guard_ws/build/turtlebot3_multi_robot -- -j8 -l8
[0.989s] Invoking command in '/home/sid/guard_ws/build/turtlebot3_multi_robot': CMAKE_PREFIX_PATH=${CMAKE_PREFIX_PATH}:/opt/ros/humble /usr/bin/cmake --install /home/sid/guard_ws/build/turtlebot3_multi_robot
[0.996s] -- Install configuration: ""
[0.997s] -- Execute custom install script
[0.997s] -- Up-to-date symlink: /home/sid/guard_ws/install/turtlebot3_multi_robot/share/turtlebot3_multi_robot//launch/gazebo_multi_nav2_world.launch.py
[0.997s] -- Up-to-date symlink: /home/sid/guard_ws/install/turtlebot3_multi_robot/share/turtlebot3_multi_robot//launch/gazebo_multi_world.launch.py
[0.998s] -- Up-to-date symlink: /home/sid/guard_ws/install/turtlebot3_multi_robot/share/turtlebot3_multi_robot//launch/nav2_bringup/bringup_launch.py
[0.998s] -- Up-to-date symlink: /home/sid/guard_ws/install/turtlebot3_multi_robot/share/turtlebot3_multi_robot//launch/nav2_bringup/localization_launch.py
[0.998s] -- Up-to-date symlink: /home/sid/guard_ws/install/turtlebot3_multi_robot/share/turtlebot3_multi_robot//launch/nav2_bringup/navigation_launch.py
[0.998s] -- Up-to-date symlink: /home/sid/guard_ws/install/turtlebot3_multi_robot/share/turtlebot3_multi_robot//launch/nav2_bringup/rviz_launch.py
[0.998s] -- Up-to-date symlink: /home/sid/guard_ws/install/turtlebot3_multi_robot/share/turtlebot3_multi_robot//launch/nav2_bringup/slam_launch.py
[0.999s] -- Up-to-date symlink: /home/sid/guard_ws/install/turtlebot3_multi_robot/share/turtlebot3_multi_robot//models/marker/model.sdf
[0.999s] -- Up-to-date symlink: /home/sid/guard_ws/install/turtlebot3_multi_robot/share/turtlebot3_multi_robot//models/turtlebot3_burger/meshes/burger_base.dae
[0.999s] -- Up-to-date symlink: /home/sid/guard_ws/install/turtlebot3_multi_robot/share/turtlebot3_multi_robot//models/turtlebot3_burger/meshes/lds.dae
[0.999s] -- Up-to-date symlink: /home/sid/guard_ws/install/turtlebot3_multi_robot/share/turtlebot3_multi_robot//models/turtlebot3_burger/meshes/tire.dae
[0.999s] -- Up-to-date symlink: /home/sid/guard_ws/install/turtlebot3_multi_robot/share/turtlebot3_multi_robot//models/turtlebot3_burger/model-1_4.sdf
[1.000s] -- Up-to-date symlink: /home/sid/guard_ws/install/turtlebot3_multi_robot/share/turtlebot3_multi_robot//models/turtlebot3_burger/model.config
[1.000s] -- Up-to-date symlink: /home/sid/guard_ws/install/turtlebot3_multi_robot/share/turtlebot3_multi_robot//models/turtlebot3_burger/model.sdf
[1.000s] -- Up-to-date symlink: /home/sid/guard_ws/install/turtlebot3_multi_robot/share/turtlebot3_multi_robot//models/turtlebot3_waffle/meshes/lds.dae
[1.000s] -- Up-to-date symlink: /home/sid/guard_ws/install/turtlebot3_multi_robot/share/turtlebot3_multi_robot//models/turtlebot3_waffle/meshes/r200.dae
[1.000s] -- Up-to-date symlink: /home/sid/guard_ws/install/turtlebot3_multi_robot/share/turtlebot3_multi_robot//models/turtlebot3_waffle/meshes/tire.dae
[1.001s] -- Up-to-date symlink: /home/sid/guard_ws/install/turtlebot3_multi_robot/share/turtlebot3_multi_robot//models/turtlebot3_waffle/meshes/waffle_base.dae
[1.001s] -- Up-to-date symlink: /home/sid/guard_ws/install/turtlebot3_multi_robot/share/turtlebot3_multi_robot//models/turtlebot3_waffle/model-1_4.sdf
[1.001s] -- Up-to-date symlink: /home/sid/guard_ws/install/turtlebot3_multi_robot/share/turtlebot3_multi_robot//models/turtlebot3_waffle/model.config
[1.001s] -- Up-to-date symlink: /home/sid/guard_ws/install/turtlebot3_multi_robot/share/turtlebot3_multi_robot//models/turtlebot3_waffle/model.sdf
[1.001s] -- Up-to-date symlink: /home/sid/guard_ws/install/turtlebot3_multi_robot/share/turtlebot3_multi_robot//models/turtlebot3_waffle/model_nocamera.sdf
[1.001s] -- Up-to-date symlink: /home/sid/guard_ws/install/turtlebot3_multi_robot/share/turtlebot3_multi_robot//rviz/multi_nav2_default_view.rviz
[1.001s] -- Up-to-date symlink: /home/sid/guard_ws/install/turtlebot3_multi_robot/share/turtlebot3_multi_robot//rviz/nav2_default_view.rviz
[1.002s] -- Up-to-date symlink: /home/sid/guard_ws/install/turtlebot3_multi_robot/share/turtlebot3_multi_robot//urdf/common_properties.urdf
[1.002s] -- Up-to-date symlink: /home/sid/guard_ws/install/turtlebot3_multi_robot/share/turtlebot3_multi_robot//urdf/turtlebot3_burger.urdf
[1.002s] -- Up-to-date symlink: /home/sid/guard_ws/install/turtlebot3_multi_robot/share/turtlebot3_multi_robot//urdf/turtlebot3_waffle.urdf
[1.002s] -- Up-to-date symlink: /home/sid/guard_ws/install/turtlebot3_multi_robot/share/turtlebot3_multi_robot//urdf/turtlebot3_waffle23.urdf
[1.003s] -- Up-to-date symlink: /home/sid/guard_ws/install/turtlebot3_multi_robot/share/turtlebot3_multi_robot//worlds/ev_9.world
[1.003s] -- Up-to-date symlink: /home/sid/guard_ws/install/turtlebot3_multi_robot/share/turtlebot3_multi_robot//worlds/multi_empty_world.world
[1.003s] -- Up-to-date symlink: /home/sid/guard_ws/install/turtlebot3_multi_robot/share/turtlebot3_multi_robot//worlds/multi_robot_world.world
[1.003s] -- Up-to-date symlink: /home/sid/guard_ws/install/turtlebot3_multi_robot/share/turtlebot3_multi_robot//params/nav2_params.yaml
[1.003s] -- Up-to-date symlink: /home/sid/guard_ws/install/turtlebot3_multi_robot/share/turtlebot3_multi_robot//scripts/goal_listener_and_sender.py
[1.003s] -- Up-to-date symlink: /home/sid/guard_ws/install/turtlebot3_multi_robot/share/turtlebot3_multi_robot//scripts/monitor_position.py
[1.004s] -- Up-to-date symlink: /home/sid/guard_ws/install/turtlebot3_multi_robot/share/turtlebot3_multi_robot/config/blank_map.pgm
[1.004s] -- Up-to-date symlink: /home/sid/guard_ws/install/turtlebot3_multi_robot/share/turtlebot3_multi_robot/config/blank_map.yaml
[1.004s] -- Up-to-date symlink: /home/sid/guard_ws/install/turtlebot3_multi_robot/share/turtlebot3_multi_robot/config/map.pgm
[1.004s] -- Up-to-date symlink: /home/sid/guard_ws/install/turtlebot3_multi_robot/share/turtlebot3_multi_robot/config/map.yaml
[1.004s] -- Up-to-date symlink: /home/sid/guard_ws/install/turtlebot3_multi_robot/share/turtlebot3_multi_robot/config/my_map.pgm
[1.005s] -- Up-to-date symlink: /home/sid/guard_ws/install/turtlebot3_multi_robot/share/turtlebot3_multi_robot/config/my_map.yaml
[1.005s] -- Up-to-date symlink: /home/sid/guard_ws/install/turtlebot3_multi_robot/share/turtlebot3_multi_robot/config/my_world_map.pgm
[1.005s] -- Up-to-date symlink: /home/sid/guard_ws/install/turtlebot3_multi_robot/share/turtlebot3_multi_robot/config/my_world_map.yaml
[1.005s] -- Up-to-date symlink: /home/sid/guard_ws/install/turtlebot3_multi_robot/lib/turtlebot3_multi_robot/goal_listener_and_sender.py
[1.005s] -- Symlinking: /home/sid/guard_ws/install/turtlebot3_multi_robot/lib/turtlebot3_multi_robot/monitor_position.py
[1.014s] -- Up-to-date symlink: /home/sid/guard_ws/install/turtlebot3_multi_robot/share/turtlebot3_multi_robot/environment/multi_robot.dsv
[1.014s] -- Up-to-date symlink: /home/sid/guard_ws/install/turtlebot3_multi_robot/share/ament_index/resource_index/package_run_dependencies/turtlebot3_multi_robot
[1.015s] -- Up-to-date symlink: /home/sid/guard_ws/install/turtlebot3_multi_robot/share/ament_index/resource_index/parent_prefix_path/turtlebot3_multi_robot
[1.015s] -- Up-to-date symlink: /home/sid/guard_ws/install/turtlebot3_multi_robot/share/turtlebot3_multi_robot/environment/ament_prefix_path.sh
[1.015s] -- Up-to-date symlink: /home/sid/guard_ws/install/turtlebot3_multi_robot/share/turtlebot3_multi_robot/environment/ament_prefix_path.dsv
[1.015s] -- Up-to-date symlink: /home/sid/guard_ws/install/turtlebot3_multi_robot/share/turtlebot3_multi_robot/environment/path.sh
[1.015s] -- Up-to-date symlink: /home/sid/guard_ws/install/turtlebot3_multi_robot/share/turtlebot3_multi_robot/environment/path.dsv
[1.016s] -- Up-to-date symlink: /home/sid/guard_ws/install/turtlebot3_multi_robot/share/turtlebot3_multi_robot/local_setup.bash
[1.016s] -- Up-to-date symlink: /home/sid/guard_ws/install/turtlebot3_multi_robot/share/turtlebot3_multi_robot/local_setup.sh
[1.016s] -- Up-to-date symlink: /home/sid/guard_ws/install/turtlebot3_multi_robot/share/turtlebot3_multi_robot/local_setup.zsh
[1.016s] -- Up-to-date symlink: /home/sid/guard_ws/install/turtlebot3_multi_robot/share/turtlebot3_multi_robot/local_setup.dsv
[1.016s] -- Symlinking: /home/sid/guard_ws/install/turtlebot3_multi_robot/share/turtlebot3_multi_robot/package.dsv
[1.025s] -- Up-to-date symlink: /home/sid/guard_ws/install/turtlebot3_multi_robot/share/ament_index/resource_index/packages/turtlebot3_multi_robot
[1.026s] -- Up-to-date symlink: /home/sid/guard_ws/install/turtlebot3_multi_robot/share/turtlebot3_multi_robot/cmake/turtlebot3_multi_robotConfig.cmake
[1.026s] -- Up-to-date symlink: /home/sid/guard_ws/install/turtlebot3_multi_robot/share/turtlebot3_multi_robot/cmake/turtlebot3_multi_robotConfig-version.cmake
[1.026s] -- Up-to-date symlink: /home/sid/guard_ws/install/turtlebot3_multi_robot/share/turtlebot3_multi_robot/package.xml
[1.029s] Invoked command in '/home/sid/guard_ws/build/turtlebot3_multi_robot' returned '0': CMAKE_PREFIX_PATH=${CMAKE_PREFIX_PATH}:/opt/ros/humble /usr/bin/cmake --install /home/sid/guard_ws/build/turtlebot3_multi_robot
