[1.604s] DEBUG:colcon:Command line arguments: ['/usr/bin/colcon', 'build', '--symlink-install']
[1.604s] DEBUG:colcon:Parsed command line arguments: Namespace(log_base=None, log_level=None, verb_name='build', build_base='build', install_base='install', merge_install=False, symlink_install=True, test_result_base=None, continue_on_error=False, executor='parallel', parallel_workers=8, event_handlers=None, ignore_user_meta=False, metas=['./colcon.meta'], base_paths=['.'], packages_ignore=None, packages_ignore_regex=None, paths=None, packages_up_to=None, packages_up_to_regex=None, packages_above=None, packages_above_and_dependencies=None, packages_above_depth=None, packages_select_by_dep=None, packages_skip_by_dep=None, packages_skip_up_to=None, packages_select_build_failed=False, packages_skip_build_finished=False, packages_select_test_failures=False, packages_skip_test_passed=False, packages_select=None, packages_skip=None, packages_select_regex=None, packages_skip_regex=None, packages_start=None, packages_end=None, allow_overriding=[], cmake_args=None, cmake_target=None, cmake_target_skip_unavailable=False, cmake_clean_cache=False, cmake_clean_first=False, cmake_force_configure=False, ament_cmake_args=None, catkin_cmake_args=None, catkin_skip_building_tests=False, mixin_files=None, mixin=None, verb_parser=<colcon_mixin.mixin.mixin_argument.MixinArgumentDecorator object at 0x7646011463e0>, verb_extension=<colcon_core.verb.build.BuildVerb object at 0x7646012469e0>, main=<bound method BuildVerb.main of <colcon_core.verb.build.BuildVerb object at 0x7646012469e0>>, mixin_verb=('build',))
[4.315s] Level 1:colcon.colcon_core.package_discovery:discover_packages(colcon_meta) check parameters
[4.315s] Level 1:colcon.colcon_core.package_discovery:discover_packages(recursive) check parameters
[4.315s] Level 1:colcon.colcon_core.package_discovery:discover_packages(ignore) check parameters
[4.315s] Level 1:colcon.colcon_core.package_discovery:discover_packages(path) check parameters
[4.315s] Level 1:colcon.colcon_core.package_discovery:discover_packages(colcon_meta) discover
[4.315s] Level 1:colcon.colcon_core.package_discovery:discover_packages(recursive) discover
[4.315s] INFO:colcon.colcon_core.package_discovery:Crawling recursively for packages in '/home/sid/guard_ws'
[4.315s] Level 1:colcon.colcon_core.package_identification:_identify(.) by extensions ['ignore', 'ignore_ament_install']
[4.316s] Level 1:colcon.colcon_core.package_identification:_identify(.) by extension 'ignore'
[4.316s] Level 1:colcon.colcon_core.package_identification:_identify(.) by extension 'ignore_ament_install'
[4.316s] Level 1:colcon.colcon_core.package_identification:_identify(.) by extensions ['colcon_pkg']
[4.316s] Level 1:colcon.colcon_core.package_identification:_identify(.) by extension 'colcon_pkg'
[4.316s] Level 1:colcon.colcon_core.package_identification:_identify(.) by extensions ['colcon_meta']
[4.316s] Level 1:colcon.colcon_core.package_identification:_identify(.) by extension 'colcon_meta'
[4.316s] Level 1:colcon.colcon_core.package_identification:_identify(.) by extensions ['ros']
[4.316s] Level 1:colcon.colcon_core.package_identification:_identify(.) by extension 'ros'
[4.327s] Level 1:colcon.colcon_core.package_identification:_identify(.) by extensions ['cmake', 'python']
[4.327s] Level 1:colcon.colcon_core.package_identification:_identify(.) by extension 'cmake'
[4.327s] Level 1:colcon.colcon_core.package_identification:_identify(.) by extension 'python'
[4.327s] Level 1:colcon.colcon_core.package_identification:_identify(.) by extensions ['python_setup_py']
[4.327s] Level 1:colcon.colcon_core.package_identification:_identify(.) by extension 'python_setup_py'
[4.328s] Level 1:colcon.colcon_core.package_identification:_identify(build) by extensions ['ignore', 'ignore_ament_install']
[4.328s] Level 1:colcon.colcon_core.package_identification:_identify(build) by extension 'ignore'
[4.328s] Level 1:colcon.colcon_core.package_identification:_identify(build) ignored
[4.328s] Level 1:colcon.colcon_core.package_identification:_identify(install) by extensions ['ignore', 'ignore_ament_install']
[4.328s] Level 1:colcon.colcon_core.package_identification:_identify(install) by extension 'ignore'
[4.328s] Level 1:colcon.colcon_core.package_identification:_identify(install) ignored
[4.328s] Level 1:colcon.colcon_core.package_identification:_identify(log) by extensions ['ignore', 'ignore_ament_install']
[4.328s] Level 1:colcon.colcon_core.package_identification:_identify(log) by extension 'ignore'
[4.328s] Level 1:colcon.colcon_core.package_identification:_identify(log) ignored
[4.353s] Level 1:colcon.colcon_core.package_identification:_identify(src) by extensions ['ignore', 'ignore_ament_install']
[4.353s] Level 1:colcon.colcon_core.package_identification:_identify(src) by extension 'ignore'
[4.353s] Level 1:colcon.colcon_core.package_identification:_identify(src) by extension 'ignore_ament_install'
[4.353s] Level 1:colcon.colcon_core.package_identification:_identify(src) by extensions ['colcon_pkg']
[4.353s] Level 1:colcon.colcon_core.package_identification:_identify(src) by extension 'colcon_pkg'
[4.353s] Level 1:colcon.colcon_core.package_identification:_identify(src) by extensions ['colcon_meta']
[4.354s] Level 1:colcon.colcon_core.package_identification:_identify(src) by extension 'colcon_meta'
[4.354s] Level 1:colcon.colcon_core.package_identification:_identify(src) by extensions ['ros']
[4.354s] Level 1:colcon.colcon_core.package_identification:_identify(src) by extension 'ros'
[4.354s] Level 1:colcon.colcon_core.package_identification:_identify(src) by extensions ['cmake', 'python']
[4.354s] Level 1:colcon.colcon_core.package_identification:_identify(src) by extension 'cmake'
[4.354s] Level 1:colcon.colcon_core.package_identification:_identify(src) by extension 'python'
[4.354s] Level 1:colcon.colcon_core.package_identification:_identify(src) by extensions ['python_setup_py']
[4.354s] Level 1:colcon.colcon_core.package_identification:_identify(src) by extension 'python_setup_py'
[4.354s] Level 1:colcon.colcon_core.package_identification:_identify(src/turtlebot3_multi_robot) by extensions ['ignore', 'ignore_ament_install']
[4.354s] Level 1:colcon.colcon_core.package_identification:_identify(src/turtlebot3_multi_robot) by extension 'ignore'
[4.354s] Level 1:colcon.colcon_core.package_identification:_identify(src/turtlebot3_multi_robot) by extension 'ignore_ament_install'
[4.354s] Level 1:colcon.colcon_core.package_identification:_identify(src/turtlebot3_multi_robot) by extensions ['colcon_pkg']
[4.354s] Level 1:colcon.colcon_core.package_identification:_identify(src/turtlebot3_multi_robot) by extension 'colcon_pkg'
[4.355s] Level 1:colcon.colcon_core.package_identification:_identify(src/turtlebot3_multi_robot) by extensions ['colcon_meta']
[4.355s] Level 1:colcon.colcon_core.package_identification:_identify(src/turtlebot3_multi_robot) by extension 'colcon_meta'
[4.355s] Level 1:colcon.colcon_core.package_identification:_identify(src/turtlebot3_multi_robot) by extensions ['ros']
[4.355s] Level 1:colcon.colcon_core.package_identification:_identify(src/turtlebot3_multi_robot) by extension 'ros'
[4.383s] DEBUG:colcon.colcon_core.package_identification:Package 'src/turtlebot3_multi_robot' with type 'ros.ament_cmake' and name 'turtlebot3_multi_robot'
[4.383s] Level 1:colcon.colcon_core.package_discovery:discover_packages(recursive) using defaults
[4.383s] Level 1:colcon.colcon_core.package_discovery:discover_packages(ignore) discover
[4.384s] Level 1:colcon.colcon_core.package_discovery:discover_packages(ignore) using defaults
[4.384s] Level 1:colcon.colcon_core.package_discovery:discover_packages(path) discover
[4.384s] Level 1:colcon.colcon_core.package_discovery:discover_packages(path) using defaults
[4.511s] Level 1:colcon.colcon_core.package_discovery:discover_packages(prefix_path) check parameters
[4.511s] Level 1:colcon.colcon_core.package_discovery:discover_packages(prefix_path) discover
[4.514s] DEBUG:colcon.colcon_installed_package_information.package_discovery:Found 1 installed packages in /home/sid/guard_ws/install
[4.516s] DEBUG:colcon.colcon_installed_package_information.package_discovery:Found 393 installed packages in /opt/ros/humble
[4.517s] Level 1:colcon.colcon_core.package_discovery:discover_packages(prefix_path) using defaults
[4.605s] Level 5:colcon.colcon_core.verb:set package 'turtlebot3_multi_robot' build argument 'cmake_args' from command line to 'None'
[4.605s] Level 5:colcon.colcon_core.verb:set package 'turtlebot3_multi_robot' build argument 'cmake_target' from command line to 'None'
[4.605s] Level 5:colcon.colcon_core.verb:set package 'turtlebot3_multi_robot' build argument 'cmake_target_skip_unavailable' from command line to 'False'
[4.605s] Level 5:colcon.colcon_core.verb:set package 'turtlebot3_multi_robot' build argument 'cmake_clean_cache' from command line to 'False'
[4.605s] Level 5:colcon.colcon_core.verb:set package 'turtlebot3_multi_robot' build argument 'cmake_clean_first' from command line to 'False'
[4.605s] Level 5:colcon.colcon_core.verb:set package 'turtlebot3_multi_robot' build argument 'cmake_force_configure' from command line to 'False'
[4.605s] Level 5:colcon.colcon_core.verb:set package 'turtlebot3_multi_robot' build argument 'ament_cmake_args' from command line to 'None'
[4.606s] Level 5:colcon.colcon_core.verb:set package 'turtlebot3_multi_robot' build argument 'catkin_cmake_args' from command line to 'None'
[4.606s] Level 5:colcon.colcon_core.verb:set package 'turtlebot3_multi_robot' build argument 'catkin_skip_building_tests' from command line to 'False'
[4.606s] DEBUG:colcon.colcon_core.verb:Building package 'turtlebot3_multi_robot' with the following arguments: {'ament_cmake_args': None, 'build_base': '/home/sid/guard_ws/build/turtlebot3_multi_robot', 'catkin_cmake_args': None, 'catkin_skip_building_tests': False, 'cmake_args': None, 'cmake_clean_cache': False, 'cmake_clean_first': False, 'cmake_force_configure': False, 'cmake_target': None, 'cmake_target_skip_unavailable': False, 'install_base': '/home/sid/guard_ws/install/turtlebot3_multi_robot', 'merge_install': False, 'path': '/home/sid/guard_ws/src/turtlebot3_multi_robot', 'symlink_install': True, 'test_result_base': None}
[4.606s] INFO:colcon.colcon_core.executor:Executing jobs using 'parallel' executor
[4.607s] DEBUG:colcon.colcon_parallel_executor.executor.parallel:run_until_complete
[4.607s] INFO:colcon.colcon_ros.task.ament_cmake.build:Building ROS package in '/home/sid/guard_ws/src/turtlebot3_multi_robot' with build type 'ament_cmake'
[4.607s] INFO:colcon.colcon_cmake.task.cmake.build:Building CMake package in '/home/sid/guard_ws/src/turtlebot3_multi_robot'
[4.628s] INFO:colcon.colcon_core.plugin_system:Skipping extension 'colcon_core.shell.bat': Not used on non-Windows systems
[4.628s] INFO:colcon.colcon_core.shell:Skip shell extension 'powershell' for command environment: Not usable outside of PowerShell
[4.628s] DEBUG:colcon.colcon_core.shell:Skip shell extension 'dsv' for command environment
[4.679s] DEBUG:colcon.colcon_core.event_handler.log_command:Invoking command in '/home/sid/guard_ws/build/turtlebot3_multi_robot': CMAKE_PREFIX_PATH=${CMAKE_PREFIX_PATH}:/opt/ros/humble /usr/bin/cmake --build /home/sid/guard_ws/build/turtlebot3_multi_robot -- -j8 -l8
[5.103s] DEBUG:colcon.colcon_core.event_handler.log_command:Invoked command in '/home/sid/guard_ws/build/turtlebot3_multi_robot' returned '0': CMAKE_PREFIX_PATH=${CMAKE_PREFIX_PATH}:/opt/ros/humble /usr/bin/cmake --build /home/sid/guard_ws/build/turtlebot3_multi_robot -- -j8 -l8
[5.137s] DEBUG:colcon.colcon_core.event_handler.log_command:Invoking command in '/home/sid/guard_ws/build/turtlebot3_multi_robot': CMAKE_PREFIX_PATH=${CMAKE_PREFIX_PATH}:/opt/ros/humble /usr/bin/cmake --install /home/sid/guard_ws/build/turtlebot3_multi_robot
[5.198s] Level 1:colcon.colcon_core.environment:create_environment_scripts_only(turtlebot3_multi_robot)
[5.199s] DEBUG:colcon.colcon_core.event_handler.log_command:Invoked command in '/home/sid/guard_ws/build/turtlebot3_multi_robot' returned '0': CMAKE_PREFIX_PATH=${CMAKE_PREFIX_PATH}:/opt/ros/humble /usr/bin/cmake --install /home/sid/guard_ws/build/turtlebot3_multi_robot
[5.261s] Level 1:colcon.colcon_core.environment:checking '/home/sid/guard_ws/install/turtlebot3_multi_robot' for CMake module files
[5.262s] Level 1:colcon.colcon_core.environment:checking '/home/sid/guard_ws/install/turtlebot3_multi_robot' for CMake config files
[5.262s] Level 1:colcon.colcon_core.shell:create_environment_hook('turtlebot3_multi_robot', 'cmake_prefix_path')
[5.262s] INFO:colcon.colcon_core.shell:Creating environment hook '/home/sid/guard_ws/install/turtlebot3_multi_robot/share/turtlebot3_multi_robot/hook/cmake_prefix_path.ps1'
[5.266s] INFO:colcon.colcon_core.shell:Creating environment descriptor '/home/sid/guard_ws/install/turtlebot3_multi_robot/share/turtlebot3_multi_robot/hook/cmake_prefix_path.dsv'
[5.274s] INFO:colcon.colcon_core.shell:Creating environment hook '/home/sid/guard_ws/install/turtlebot3_multi_robot/share/turtlebot3_multi_robot/hook/cmake_prefix_path.sh'
[5.275s] Level 1:colcon.colcon_core.environment:checking '/home/sid/guard_ws/install/turtlebot3_multi_robot/lib'
[5.275s] Level 1:colcon.colcon_core.environment:checking '/home/sid/guard_ws/install/turtlebot3_multi_robot/bin'
[5.275s] Level 1:colcon.colcon_core.environment:checking '/home/sid/guard_ws/install/turtlebot3_multi_robot/lib/pkgconfig/turtlebot3_multi_robot.pc'
[5.275s] Level 1:colcon.colcon_core.environment:checking '/home/sid/guard_ws/install/turtlebot3_multi_robot/lib/python3.10/site-packages'
[5.275s] Level 1:colcon.colcon_core.environment:checking '/home/sid/guard_ws/install/turtlebot3_multi_robot/bin'
[5.275s] INFO:colcon.colcon_core.shell:Creating package script '/home/sid/guard_ws/install/turtlebot3_multi_robot/share/turtlebot3_multi_robot/package.ps1'
[5.276s] INFO:colcon.colcon_core.shell:Creating package descriptor '/home/sid/guard_ws/install/turtlebot3_multi_robot/share/turtlebot3_multi_robot/package.dsv'
[5.277s] INFO:colcon.colcon_core.shell:Creating package script '/home/sid/guard_ws/install/turtlebot3_multi_robot/share/turtlebot3_multi_robot/package.sh'
[5.278s] INFO:colcon.colcon_core.shell:Creating package script '/home/sid/guard_ws/install/turtlebot3_multi_robot/share/turtlebot3_multi_robot/package.bash'
[5.279s] INFO:colcon.colcon_core.shell:Creating package script '/home/sid/guard_ws/install/turtlebot3_multi_robot/share/turtlebot3_multi_robot/package.zsh'
[5.280s] Level 1:colcon.colcon_core.environment:create_file_with_runtime_dependencies(/home/sid/guard_ws/install/turtlebot3_multi_robot/share/colcon-core/packages/turtlebot3_multi_robot)
[5.304s] Level 1:colcon.colcon_core.environment:create_environment_scripts_only(turtlebot3_multi_robot)
[5.304s] Level 1:colcon.colcon_core.environment:checking '/home/sid/guard_ws/install/turtlebot3_multi_robot' for CMake module files
[5.305s] Level 1:colcon.colcon_core.environment:checking '/home/sid/guard_ws/install/turtlebot3_multi_robot' for CMake config files
[5.305s] Level 1:colcon.colcon_core.shell:create_environment_hook('turtlebot3_multi_robot', 'cmake_prefix_path')
[5.305s] INFO:colcon.colcon_core.shell:Creating environment hook '/home/sid/guard_ws/install/turtlebot3_multi_robot/share/turtlebot3_multi_robot/hook/cmake_prefix_path.ps1'
[5.306s] INFO:colcon.colcon_core.shell:Creating environment descriptor '/home/sid/guard_ws/install/turtlebot3_multi_robot/share/turtlebot3_multi_robot/hook/cmake_prefix_path.dsv'
[5.306s] INFO:colcon.colcon_core.shell:Creating environment hook '/home/sid/guard_ws/install/turtlebot3_multi_robot/share/turtlebot3_multi_robot/hook/cmake_prefix_path.sh'
[5.307s] Level 1:colcon.colcon_core.environment:checking '/home/sid/guard_ws/install/turtlebot3_multi_robot/lib'
[5.307s] Level 1:colcon.colcon_core.environment:checking '/home/sid/guard_ws/install/turtlebot3_multi_robot/bin'
[5.307s] Level 1:colcon.colcon_core.environment:checking '/home/sid/guard_ws/install/turtlebot3_multi_robot/lib/pkgconfig/turtlebot3_multi_robot.pc'
[5.307s] Level 1:colcon.colcon_core.environment:checking '/home/sid/guard_ws/install/turtlebot3_multi_robot/lib/python3.10/site-packages'
[5.307s] Level 1:colcon.colcon_core.environment:checking '/home/sid/guard_ws/install/turtlebot3_multi_robot/bin'
[5.307s] INFO:colcon.colcon_core.shell:Creating package script '/home/sid/guard_ws/install/turtlebot3_multi_robot/share/turtlebot3_multi_robot/package.ps1'
[5.308s] INFO:colcon.colcon_core.shell:Creating package descriptor '/home/sid/guard_ws/install/turtlebot3_multi_robot/share/turtlebot3_multi_robot/package.dsv'
[5.308s] INFO:colcon.colcon_core.shell:Creating package script '/home/sid/guard_ws/install/turtlebot3_multi_robot/share/turtlebot3_multi_robot/package.sh'
[5.309s] INFO:colcon.colcon_core.shell:Creating package script '/home/sid/guard_ws/install/turtlebot3_multi_robot/share/turtlebot3_multi_robot/package.bash'
[5.309s] INFO:colcon.colcon_core.shell:Creating package script '/home/sid/guard_ws/install/turtlebot3_multi_robot/share/turtlebot3_multi_robot/package.zsh'
[5.309s] Level 1:colcon.colcon_core.environment:create_file_with_runtime_dependencies(/home/sid/guard_ws/install/turtlebot3_multi_robot/share/colcon-core/packages/turtlebot3_multi_robot)
[5.310s] DEBUG:colcon.colcon_parallel_executor.executor.parallel:closing loop
[5.310s] DEBUG:colcon.colcon_parallel_executor.executor.parallel:loop closed
[5.310s] DEBUG:colcon.colcon_parallel_executor.executor.parallel:run_until_complete finished with '0'
[5.310s] DEBUG:colcon.colcon_core.event_reactor:joining thread
[5.343s] INFO:colcon.colcon_core.plugin_system:Skipping extension 'colcon_notification.desktop_notification.terminal_notifier': Not used on non-Darwin systems
[5.343s] INFO:colcon.colcon_core.plugin_system:Skipping extension 'colcon_notification.desktop_notification.win32': Not used on non-Windows systems
[5.343s] INFO:colcon.colcon_notification.desktop_notification:Sending desktop notification using 'notify2'
[5.360s] DEBUG:colcon.colcon_core.event_reactor:joined thread
[5.361s] INFO:colcon.colcon_core.shell:Creating prefix script '/home/sid/guard_ws/install/local_setup.ps1'
[5.362s] INFO:colcon.colcon_core.shell:Creating prefix util module '/home/sid/guard_ws/install/_local_setup_util_ps1.py'
[5.363s] INFO:colcon.colcon_core.shell:Creating prefix chain script '/home/sid/guard_ws/install/setup.ps1'
[5.365s] INFO:colcon.colcon_core.shell:Creating prefix script '/home/sid/guard_ws/install/local_setup.sh'
[5.365s] INFO:colcon.colcon_core.shell:Creating prefix util module '/home/sid/guard_ws/install/_local_setup_util_sh.py'
[5.366s] INFO:colcon.colcon_core.shell:Creating prefix chain script '/home/sid/guard_ws/install/setup.sh'
[5.367s] INFO:colcon.colcon_core.shell:Creating prefix script '/home/sid/guard_ws/install/local_setup.bash'
[5.367s] INFO:colcon.colcon_core.shell:Creating prefix chain script '/home/sid/guard_ws/install/setup.bash'
[5.368s] INFO:colcon.colcon_core.shell:Creating prefix script '/home/sid/guard_ws/install/local_setup.zsh'
[5.369s] INFO:colcon.colcon_core.shell:Creating prefix chain script '/home/sid/guard_ws/install/setup.zsh'
